<?xml version="1.0" encoding="UTF-8"?>
<!-- Generated by org.testng.reporters.JUnitReportReporter -->
<testsuite hostname="LAPTOP-R92NJ77V" failures="0" tests="1" name="com.ninja.qa.AddressPageTest_TC_003" time="6.288" errors="0" timestamp="2025-03-01T14:32:08 IST" skipped="0">
  <testcase classname="com.ninja.qa.AddressPageTest_TC_003" name="FillAllRegistrationDetails" time="6.288">
    <system-out>
      <![CDATA[Test Description: Filling Address Details for the logged-in User]]>
    </system-out>
  </testcase> <!-- FillAllRegistrationDetails -->
  <system-out>
    <![CDATA[Test Description: Filling Address Details for the logged-in User]]>
  </system-out>
</testsuite> <!-- com.ninja.qa.AddressPageTest_TC_003 -->
