<?xml version="1.0" encoding="UTF-8"?>
<!-- Generated by org.testng.reporters.JUnitReportReporter -->
<testsuite hostname="LAPTOP-R92NJ77V" failures="0" tests="1" name="com.ninja.qa.SearchPage_TC_001" time="7.934" errors="0" timestamp="2025-03-02T11:06:18 IST" skipped="0">
  <testcase classname="com.ninja.qa.SearchPage_TC_001" name="TestSearchPage_TC_001" time="7.934"/>
  <system-out>
    <![CDATA[Test Description: Filling Address Details for the logged-in User]]>
  </system-out>
</testsuite> <!-- com.ninja.qa.SearchPage_TC_001 -->
